app/build/outputs/logs/manifest-merger-release-report.txt
-- Merging decision tree log ---
manifest
ADDED from src\main\AndroidManifest.xml:2:1-143:12
INJECTED from src\main\AndroidManifest.xml:2:1-143:12
INJECTED from src\main\AndroidManifest.xml:2:1-143:12
INJECTED from src\main\AndroidManifest.xml:2:1-143:12
MERGED from [com.mapbox.mapboxsdk:mapbox-android-navigation-ui:0.7.2-SNAPSHOT] AndroidManifest.xml:2:1-13:12
MERGED from [com.android.support:design:27.0.0] AndroidManifest.xml:17:1-22:12
MERGED from [io.predict:predict-io:4.1.1] AndroidManifest.xml:2:1-17:12
MERGED from [com.facebook.android:facebook-login:4.29.0] AndroidManifest.xml:21:1-31:12
MERGED from [com.facebook.android:facebook-common:4.29.0] AndroidManifest.xml:21:1-36:12
MERGED from [com.mapbox.mapboxsdk:mapbox-android-plugin-locationlayer:0.2.0] AndroidManifest.xml:2:1-10:12
MERGED from [com.mapbox.mapboxsdk:mapbox-android-navigation:0.7.2-SNAPSHOT] AndroidManifest.xml:2:1-15:12
MERGED from [com.mapbox.mapboxsdk:mapbox-android-services:2.2.9] AndroidManifest.xml:2:1-14:12
MERGED from [com.mapzen.android:lost:3.0.4] AndroidManifest.xml:2:1-34:12
MERGED from [com.mapbox.mapboxsdk:mapbox-android-sdk:5.3.0] AndroidManifest.xml:2:1-31:12
MERGED from [com.mapbox.mapboxsdk:mapbox-android-telemetry:2.2.9] AndroidManifest.xml:2:1-13:12
MERGED from [com.android.support:appcompat-v7:27.0.1] AndroidManifest.xml:17:1-22:12
MERGED from [com.android.support.constraint:constraint-layout:1.0.2] AndroidManifest.xml:2:1-11:12
MERGED from [com.google.firebase:firebase-auth:11.8.0] AndroidManifest.xml:17:1-32:12
MERGED from [com.google.firebase:firebase-core:11.8.0] AndroidManifest.xml:2:1-6:12
MERGED from [com.google.firebase:firebase-database:11.8.0] AndroidManifest.xml:2:1-8:12
MERGED from [com.google.android.gms:play-services-auth:11.8.0] AndroidManifest.xml:17:1-39:12
MERGED from [com.google.android.gms:play-services-location:11.8.0] AndroidManifest.xml:2:1-9:12
MERGED from [com.google.android.gms:play-services-auth-api-phone:11.8.0] AndroidManifest.xml:2:1-7:12
MERGED from [com.google.android.gms:play-services-auth-base:11.8.0] AndroidManifest.xml:2:1-7:12
MERGED from [com.google.android.gms:play-services-maps:11.8.0] AndroidManifest.xml:17:1-32:12
MERGED from [com.google.android.gms:play-services-base:11.8.0] AndroidManifest.xml:17:1-29:12
MERGED from [com.android.support:multidex:1.0.1] AndroidManifest.xml:16:1-19:12
MERGED from [com.bugfender.sdk:android:1.0.3] AndroidManifest.xml:2:1-16:12
MERGED from [com.jakewharton:butterknife:8.8.1] AndroidManifest.xml:2:1-7:12
MERGED from [com.crashlytics.sdk.android:crashlytics:2.7.1] AndroidManifest.xml:2:1-19:12
MERGED from [com.android.support:recyclerview-v7:27.0.0] AndroidManifest.xml:17:1-22:12
MERGED from [com.android.support:transition:27.0.0] AndroidManifest.xml:17:1-22:12
MERGED from [com.facebook.android:facebook-core:4.29.0] AndroidManifest.xml:21:1-45:12
MERGED from [com.android.support:customtabs:27.0.1] AndroidManifest.xml:17:1-22:12
MERGED from [android.arch.lifecycle:extensions:1.0.0] AndroidManifest.xml:17:1-32:12
MERGED from [android.arch.core:runtime:1.0.0] AndroidManifest.xml:17:1-24:12
MERGED from [com.google.firebase:firebase-analytics:11.8.0] AndroidManifest.xml:17:1-54:12
MERGED from [com.google.firebase:firebase-database-connection:11.8.0] AndroidManifest.xml:2:1-8:12
MERGED from [com.google.firebase:firebase-analytics-impl:11.8.0] AndroidManifest.xml:17:1-40:12
MERGED from [com.google.firebase:firebase-iid:11.8.0] AndroidManifest.xml:17:1-59:12
MERGED from [com.google.firebase:firebase-common:11.8.0] AndroidManifest.xml:2:1-15:12
MERGED from [com.google.android.gms:play-services-tasks:11.8.0] AndroidManifest.xml:2:1-9:12
MERGED from [com.google.android.gms:play-services-basement:11.8.0] AndroidManifest.xml:17:1-28:12
MERGED from [com.android.support:support-v4:27.0.1] AndroidManifest.xml:17:1-22:12
MERGED from [com.android.support:support-fragment:27.0.1] AndroidManifest.xml:17:1-22:12
MERGED from [com.android.support:support-core-utils:27.0.1] AndroidManifest.xml:17:1-22:12
MERGED from [com.android.support:animated-vector-drawable:27.0.1] AndroidManifest.xml:17:1-22:12
MERGED from [com.android.support:support-vector-drawable:27.0.1] AndroidManifest.xml:17:1-22:12
MERGED from [com.android.support:support-core-ui:27.0.1] AndroidManifest.xml:17:1-22:12
MERGED from [com.android.support:support-media-compat:27.0.1] AndroidManifest.xml:17:1-22:12
MERGED from [com.android.support:support-compat:27.0.1] AndroidManifest.xml:17:1-22:12
MERGED from [android.arch.lifecycle:runtime:1.0.3] AndroidManifest.xml:17:1-24:12
MERGED from [com.android.support:cardview-v7:27.0.1] AndroidManifest.xml:17:1-22:12
MERGED from [com.google.firebase:firebase-auth-license:11.8.0] AndroidManifest.xml:2:1-6:12
MERGED from [com.google.firebase:firebase-database-license:11.8.0] AndroidManifest.xml:2:1-6:12
MERGED from [com.google.android.gms:play-services-location-license:11.8.0] AndroidManifest.xml:2:1-6:12
MERGED from [com.google.android.gms:play-services-base-license:11.8.0] AndroidManifest.xml:2:1-6:12
MERGED from [com.google.android.gms:play-services-maps-license:11.8.0] AndroidManifest.xml:2:1-6:12
MERGED from [io.realm:realm-android-library:3.1.1] AndroidManifest.xml:2:1-11:12
MERGED from [com.jakewharton.timber:timber:4.5.1] AndroidManifest.xml:2:1-10:12
MERGED from [com.crashlytics.sdk.android:beta:1.2.7] AndroidManifest.xml:2:1-13:12
MERGED from [com.crashlytics.sdk.android:crashlytics-core:2.4.1] AndroidManifest.xml:45:1-56:12
MERGED from [com.crashlytics.sdk.android:answers:1.4.1] AndroidManifest.xml:2:1-13:12
MERGED from [io.fabric.sdk.android:fabric:1.4.1] AndroidManifest.xml:22:1-33:12
MERGED from [com.google.android.gms:play-services-basement-license:11.8.0] AndroidManifest.xml:2:1-6:12
MERGED from [com.google.firebase:firebase-common-license:11.8.0] AndroidManifest.xml:2:1-6:12
MERGED from [com.google.android.gms:play-services-tasks-license:11.8.0] AndroidManifest.xml:2:1-6:12
MERGED from [com.google.firebase:firebase-analytics-license:11.8.0] AndroidManifest.xml:2:1-6:12
MERGED from [com.google.firebase:firebase-database-connection-license:11.8.0] AndroidManifest.xml:2:1-6:12
MERGED from [com.google.android.gms:play-services-auth-api-phone-license:11.8.0] AndroidManifest.xml:2:1-6:12
MERGED from [com.google.android.gms:play-services-auth-base-license:11.8.0] AndroidManifest.xml:2:1-6:12
MERGED from [com.getkeepsafe.relinker:relinker:1.2.2] AndroidManifest.xml:2:1-9:12
MERGED from [com.google.firebase:firebase-analytics-impl-license:11.8.0] AndroidManifest.xml:2:1-6:12
MERGED from [com.google.firebase:firebase-iid-license:11.8.0] AndroidManifest.xml:2:1-6:12
INJECTED from src\main\AndroidManifest.xml:2:1-143:12
INJECTED from src\main\AndroidManifest.xml:2:1-143:12
INJECTED from src\main\AndroidManifest.xml:2:1-143:12
	package
		ADDED from src\main\AndroidManifest.xml:3:5-27
		INJECTED from src\main\AndroidManifest.xml
		INJECTED from src\main\AndroidManifest.xml
	android:versionName
		INJECTED from src\main\AndroidManifest.xml
		ADDED from src\main\AndroidManifest.xml:2:1-143:12
		INJECTED from src\main\AndroidManifest.xml
	android:versionCode
		INJECTED from src\main\AndroidManifest.xml
		ADDED from src\main\AndroidManifest.xml:2:1-143:12
		INJECTED from src\main\AndroidManifest.xml
	xmlns:android
		ADDED from src\main\AndroidManifest.xml:2:11-69
uses-permission#android.permission.INTERNET
ADDED from src\main\AndroidManifest.xml:6:5-67
MERGED from [com.mapbox.mapboxsdk:mapbox-android-services:2.2.9] AndroidManifest.xml:12:5-67
MERGED from [com.mapbox.mapboxsdk:mapbox-android-services:2.2.9] AndroidManifest.xml:12:5-67
MERGED from [com.mapbox.mapboxsdk:mapbox-android-sdk:5.3.0] AndroidManifest.xml:21:5-67
MERGED from [com.mapbox.mapboxsdk:mapbox-android-sdk:5.3.0] AndroidManifest.xml:21:5-67
MERGED from [com.google.android.gms:play-services-maps:11.8.0] AndroidManifest.xml:24:5-67
MERGED from [com.google.android.gms:play-services-maps:11.8.0] AndroidManifest.xml:24:5-67
MERGED from [com.bugfender.sdk:android:1.0.3] AndroidManifest.xml:11:5-67
MERGED from [com.bugfender.sdk:android:1.0.3] AndroidManifest.xml:11:5-67
MERGED from [com.crashlytics.sdk.android:crashlytics:2.7.1] AndroidManifest.xml:9:5-67
MERGED from [com.crashlytics.sdk.android:crashlytics:2.7.1] AndroidManifest.xml:9:5-67
MERGED from [com.google.firebase:firebase-analytics:11.8.0] AndroidManifest.xml:23:5-67
MERGED from [com.google.firebase:firebase-analytics:11.8.0] AndroidManifest.xml:23:5-67
MERGED from [com.google.firebase:firebase-analytics-impl:11.8.0] AndroidManifest.xml:23:5-67
MERGED from [com.google.firebase:firebase-analytics-impl:11.8.0] AndroidManifest.xml:23:5-67
MERGED from [com.google.firebase:firebase-iid:11.8.0] AndroidManifest.xml:23:5-67
MERGED from [com.google.firebase:firebase-iid:11.8.0] AndroidManifest.xml:23:5-67
MERGED from [com.crashlytics.sdk.android:beta:1.2.7] AndroidManifest.xml:9:5-67
MERGED from [com.crashlytics.sdk.android:beta:1.2.7] AndroidManifest.xml:9:5-67
MERGED from [com.crashlytics.sdk.android:crashlytics-core:2.4.1] AndroidManifest.xml:52:5-67
MERGED from [com.crashlytics.sdk.android:crashlytics-core:2.4.1] AndroidManifest.xml:52:5-67
MERGED from [com.crashlytics.sdk.android:answers:1.4.1] AndroidManifest.xml:9:5-67
MERGED from [com.crashlytics.sdk.android:answers:1.4.1] AndroidManifest.xml:9:5-67
MERGED from [io.fabric.sdk.android:fabric:1.4.1] AndroidManifest.xml:29:5-67
MERGED from [io.fabric.sdk.android:fabric:1.4.1] AndroidManifest.xml:29:5-67
	android:name
		ADDED from src\main\AndroidManifest.xml:6:22-64
uses-permission#android.permission.ACCESS_NETWORK_STATE
ADDED from src\main\AndroidManifest.xml:7:5-79
MERGED from [com.mapbox.mapboxsdk:mapbox-android-sdk:5.3.0] AndroidManifest.xml:22:5-79
MERGED from [com.mapbox.mapboxsdk:mapbox-android-sdk:5.3.0] AndroidManifest.xml:22:5-79
MERGED from [com.google.android.gms:play-services-maps:11.8.0] AndroidManifest.xml:23:5-79
MERGED from [com.google.android.gms:play-services-maps:11.8.0] AndroidManifest.xml:23:5-79
MERGED from [com.bugfender.sdk:android:1.0.3] AndroidManifest.xml:12:5-79
MERGED from [com.bugfender.sdk:android:1.0.3] AndroidManifest.xml:12:5-79
MERGED from [com.google.firebase:firebase-analytics:11.8.0] AndroidManifest.xml:24:5-79
MERGED from [com.google.firebase:firebase-analytics:11.8.0] AndroidManifest.xml:24:5-79
MERGED from [com.google.firebase:firebase-analytics-impl:11.8.0] AndroidManifest.xml:24:5-79
MERGED from [com.google.firebase:firebase-analytics-impl:11.8.0] AndroidManifest.xml:24:5-79
MERGED from [com.google.firebase:firebase-iid:11.8.0] AndroidManifest.xml:22:5-79
MERGED from [com.google.firebase:firebase-iid:11.8.0] AndroidManifest.xml:22:5-79
	android:name
		ADDED from src\main\AndroidManifest.xml:7:22-76
uses-permission#com.google.android.gms.permission.ACTIVITY_RECOGNITION
ADDED from src\main\AndroidManifest.xml:8:5-94
MERGED from [io.predict:predict-io:4.1.1] AndroidManifest.xml:15:5-94
MERGED from [io.predict:predict-io:4.1.1] AndroidManifest.xml:15:5-94
	android:name
		ADDED from src\main\AndroidManifest.xml:8:22-91
uses-permission#android.permission.RECEIVE_BOOT_COMPLETED
ADDED from src\main\AndroidManifest.xml:9:5-81
	android:name
		ADDED from src\main\AndroidManifest.xml:9:22-78
uses-permission#android.permission.WAKE_LOCK
ADDED from src\main\AndroidManifest.xml:10:5-68
MERGED from [com.google.firebase:firebase-analytics:11.8.0] AndroidManifest.xml:25:5-68
MERGED from [com.google.firebase:firebase-analytics:11.8.0] AndroidManifest.xml:25:5-68
MERGED from [com.google.firebase:firebase-analytics-impl:11.8.0] AndroidManifest.xml:25:5-68
MERGED from [com.google.firebase:firebase-analytics-impl:11.8.0] AndroidManifest.xml:25:5-68
MERGED from [com.google.firebase:firebase-iid:11.8.0] AndroidManifest.xml:24:5-68
MERGED from [com.google.firebase:firebase-iid:11.8.0] AndroidManifest.xml:24:5-68
	android:name
		ADDED from src\main\AndroidManifest.xml:10:22-65
uses-permission#android.permission.ACCESS_FINE_LOCATION
ADDED from src\main\AndroidManifest.xml:12:5-79
MERGED from [com.mapbox.mapboxsdk:mapbox-android-services:2.2.9] AndroidManifest.xml:11:5-79
MERGED from [com.mapbox.mapboxsdk:mapbox-android-services:2.2.9] AndroidManifest.xml:11:5-79
	android:name
		ADDED from src\main\AndroidManifest.xml:12:22-76
uses-permission#android.permission.ACCESS_COARSE_LOCATION
ADDED from src\main\AndroidManifest.xml:13:5-81
MERGED from [io.predict:predict-io:4.1.1] AndroidManifest.xml:12:5-81
MERGED from [io.predict:predict-io:4.1.1] AndroidManifest.xml:12:5-81
	android:name
		ADDED from src\main\AndroidManifest.xml:13:22-78
application
ADDED from src\main\AndroidManifest.xml:17:5-141:19
MERGED from [com.mapbox.mapboxsdk:mapbox-android-navigation-ui:0.7.2-SNAPSHOT] AndroidManifest.xml:9:5-11:19
MERGED from [com.mapbox.mapboxsdk:mapbox-android-navigation-ui:0.7.2-SNAPSHOT] AndroidManifest.xml:9:5-11:19
MERGED from [com.facebook.android:facebook-login:4.29.0] AndroidManifest.xml:28:5-29:19
MERGED from [com.facebook.android:facebook-login:4.29.0] AndroidManifest.xml:28:5-29:19
MERGED from [com.facebook.android:facebook-common:4.29.0] AndroidManifest.xml:28:5-34:19
MERGED from [com.facebook.android:facebook-common:4.29.0] AndroidManifest.xml:28:5-34:19
MERGED from [com.mapbox.mapboxsdk:mapbox-android-navigation:0.7.2-SNAPSHOT] AndroidManifest.xml:9:5-13:19
MERGED from [com.mapbox.mapboxsdk:mapbox-android-navigation:0.7.2-SNAPSHOT] AndroidManifest.xml:9:5-13:19
MERGED from [com.mapzen.android:lost:3.0.4] AndroidManifest.xml:21:5-32:19
MERGED from [com.mapzen.android:lost:3.0.4] AndroidManifest.xml:21:5-32:19
MERGED from [com.mapbox.mapboxsdk:mapbox-android-sdk:5.3.0] AndroidManifest.xml:25:5-29:19
MERGED from [com.mapbox.mapboxsdk:mapbox-android-sdk:5.3.0] AndroidManifest.xml:25:5-29:19
MERGED from [com.android.support.constraint:constraint-layout:1.0.2] AndroidManifest.xml:9:5-20
MERGED from [com.android.support.constraint:constraint-layout:1.0.2] AndroidManifest.xml:9:5-20
MERGED from [com.google.firebase:firebase-auth:11.8.0] AndroidManifest.xml:22:5-30:19
MERGED from [com.google.firebase:firebase-auth:11.8.0] AndroidManifest.xml:22:5-30:19
MERGED from [com.google.firebase:firebase-core:11.8.0] AndroidManifest.xml:5:5-20
MERGED from [com.google.firebase:firebase-core:11.8.0] AndroidManifest.xml:5:5-20
MERGED from [com.google.android.gms:play-services-auth:11.8.0] AndroidManifest.xml:22:5-37:19
MERGED from [com.google.android.gms:play-services-auth:11.8.0] AndroidManifest.xml:22:5-37:19
MERGED from [com.google.android.gms:play-services-location:11.8.0] AndroidManifest.xml:7:5-20
MERGED from [com.google.android.gms:play-services-location:11.8.0] AndroidManifest.xml:7:5-20
MERGED from [com.google.android.gms:play-services-maps:11.8.0] AndroidManifest.xml:30:5-20
MERGED from [com.google.android.gms:play-services-maps:11.8.0] AndroidManifest.xml:30:5-20
MERGED from [com.google.android.gms:play-services-base:11.8.0] AndroidManifest.xml:22:5-27:19
MERGED from [com.google.android.gms:play-services-base:11.8.0] AndroidManifest.xml:22:5-27:19
MERGED from [com.bugfender.sdk:android:1.0.3] AndroidManifest.xml:14:5-20
MERGED from [com.bugfender.sdk:android:1.0.3] AndroidManifest.xml:14:5-20
MERGED from [com.crashlytics.sdk.android:crashlytics:2.7.1] AndroidManifest.xml:11:5-17:19
MERGED from [com.crashlytics.sdk.android:crashlytics:2.7.1] AndroidManifest.xml:11:5-17:19
MERGED from [com.facebook.android:facebook-core:4.29.0] AndroidManifest.xml:28:5-43:19
MERGED from [com.facebook.android:facebook-core:4.29.0] AndroidManifest.xml:28:5-43:19
MERGED from [android.arch.lifecycle:extensions:1.0.0] AndroidManifest.xml:24:5-30:19
MERGED from [android.arch.lifecycle:extensions:1.0.0] AndroidManifest.xml:24:5-30:19
MERGED from [com.google.firebase:firebase-analytics:11.8.0] AndroidManifest.xml:27:5-52:19
MERGED from [com.google.firebase:firebase-analytics:11.8.0] AndroidManifest.xml:27:5-52:19
MERGED from [com.google.firebase:firebase-analytics-impl:11.8.0] AndroidManifest.xml:27:5-38:19
MERGED from [com.google.firebase:firebase-analytics-impl:11.8.0] AndroidManifest.xml:27:5-38:19
MERGED from [com.google.firebase:firebase-iid:11.8.0] AndroidManifest.xml:34:5-57:19
MERGED from [com.google.firebase:firebase-iid:11.8.0] AndroidManifest.xml:34:5-57:19
MERGED from [com.google.firebase:firebase-common:11.8.0] AndroidManifest.xml:7:5-13:19
MERGED from [com.google.firebase:firebase-common:11.8.0] AndroidManifest.xml:7:5-13:19
MERGED from [com.google.android.gms:play-services-tasks:11.8.0] AndroidManifest.xml:7:5-20
MERGED from [com.google.android.gms:play-services-tasks:11.8.0] AndroidManifest.xml:7:5-20
MERGED from [com.google.android.gms:play-services-basement:11.8.0] AndroidManifest.xml:22:5-26:19
MERGED from [com.google.android.gms:play-services-basement:11.8.0] AndroidManifest.xml:22:5-26:19
MERGED from [com.google.firebase:firebase-auth-license:11.8.0] AndroidManifest.xml:5:5-20
MERGED from [com.google.firebase:firebase-auth-license:11.8.0] AndroidManifest.xml:5:5-20
MERGED from [com.google.firebase:firebase-database-license:11.8.0] AndroidManifest.xml:5:5-20
MERGED from [com.google.firebase:firebase-database-license:11.8.0] AndroidManifest.xml:5:5-20
MERGED from [com.google.android.gms:play-services-location-license:11.8.0] AndroidManifest.xml:5:5-20
MERGED from [com.google.android.gms:play-services-location-license:11.8.0] AndroidManifest.xml:5:5-20
MERGED from [com.google.android.gms:play-services-base-license:11.8.0] AndroidManifest.xml:5:5-20
MERGED from [com.google.android.gms:play-services-base-license:11.8.0] AndroidManifest.xml:5:5-20
MERGED from [com.google.android.gms:play-services-maps-license:11.8.0] AndroidManifest.xml:5:5-20
MERGED from [com.google.android.gms:play-services-maps-license:11.8.0] AndroidManifest.xml:5:5-20
MERGED from [com.jakewharton.timber:timber:4.5.1] AndroidManifest.xml:8:5-20
MERGED from [com.jakewharton.timber:timber:4.5.1] AndroidManifest.xml:8:5-20
MERGED from [com.crashlytics.sdk.android:beta:1.2.7] AndroidManifest.xml:11:5-20
MERGED from [com.crashlytics.sdk.android:beta:1.2.7] AndroidManifest.xml:11:5-20
MERGED from [com.crashlytics.sdk.android:crashlytics-core:2.4.1] AndroidManifest.xml:54:5-20
MERGED from [com.crashlytics.sdk.android:crashlytics-core:2.4.1] AndroidManifest.xml:54:5-20
MERGED from [com.crashlytics.sdk.android:answers:1.4.1] AndroidManifest.xml:11:5-20
MERGED from [com.crashlytics.sdk.android:answers:1.4.1] AndroidManifest.xml:11:5-20
MERGED from [io.fabric.sdk.android:fabric:1.4.1] AndroidManifest.xml:31:5-20
MERGED from [io.fabric.sdk.android:fabric:1.4.1] AndroidManifest.xml:31:5-20
MERGED from [com.google.android.gms:play-services-basement-license:11.8.0] AndroidManifest.xml:5:5-20
MERGED from [com.google.android.gms:play-services-basement-license:11.8.0] AndroidManifest.xml:5:5-20
MERGED from [com.google.firebase:firebase-common-license:11.8.0] AndroidManifest.xml:5:5-20
MERGED from [com.google.firebase:firebase-common-license:11.8.0] AndroidManifest.xml:5:5-20
MERGED from [com.google.android.gms:play-services-tasks-license:11.8.0] AndroidManifest.xml:5:5-20
MERGED from [com.google.android.gms:play-services-tasks-license:11.8.0] AndroidManifest.xml:5:5-20
MERGED from [com.google.firebase:firebase-analytics-license:11.8.0] AndroidManifest.xml:5:5-20
MERGED from [com.google.firebase:firebase-analytics-license:11.8.0] AndroidManifest.xml:5:5-20
MERGED from [com.google.firebase:firebase-database-connection-license:11.8.0] AndroidManifest.xml:5:5-20
MERGED from [com.google.firebase:firebase-database-connection-license:11.8.0] AndroidManifest.xml:5:5-20
MERGED from [com.google.android.gms:play-services-auth-api-phone-license:11.8.0] AndroidManifest.xml:5:5-20
MERGED from [com.google.android.gms:play-services-auth-api-phone-license:11.8.0] AndroidManifest.xml:5:5-20
MERGED from [com.google.android.gms:play-services-auth-base-license:11.8.0] AndroidManifest.xml:5:5-20
MERGED from [com.google.android.gms:play-services-auth-base-license:11.8.0] AndroidManifest.xml:5:5-20
MERGED from [com.google.firebase:firebase-analytics-impl-license:11.8.0] AndroidManifest.xml:5:5-20
MERGED from [com.google.firebase:firebase-analytics-impl-license:11.8.0] AndroidManifest.xml:5:5-20
MERGED from [com.google.firebase:firebase-iid-license:11.8.0] AndroidManifest.xml:5:5-20
MERGED from [com.google.firebase:firebase-iid-license:11.8.0] AndroidManifest.xml:5:5-20
	android:supportsRtl
		ADDED from src\main\AndroidManifest.xml:25:9-35
	android:label
		ADDED from src\main\AndroidManifest.xml:21:9-41
	android:hardwareAccelerated
		ADDED from src\main\AndroidManifest.xml:19:9-44
	android:roundIcon
		ADDED from src\main\AndroidManifest.xml:24:9-57
	android:persistent
		ADDED from src\main\AndroidManifest.xml:23:9-34
	android:largeHeap
		ADDED from src\main\AndroidManifest.xml:22:9-33
	android:icon
		ADDED from src\main\AndroidManifest.xml:20:9-52
	android:allowBackup
		ADDED from src\main\AndroidManifest.xml:18:9-35
	android:theme
		ADDED from src\main\AndroidManifest.xml:26:9-40
meta-data#io.predict.sdk.API_KEY
ADDED from src\main\AndroidManifest.xml:27:9-29:96
	android:value
		ADDED from src\main\AndroidManifest.xml:29:13-93
	android:name
		ADDED from src\main\AndroidManifest.xml:28:13-50
meta-data#com.google.android.gms.version
ADDED from src\main\AndroidManifest.xml:30:9-32:69
MERGED from [com.google.android.gms:play-services-basement:11.8.0] AndroidManifest.xml:23:9-25:69
MERGED from [com.google.android.gms:play-services-basement:11.8.0] AndroidManifest.xml:23:9-25:69
	android:value
		ADDED from src\main\AndroidManifest.xml:32:13-66
	android:name
		ADDED from src\main\AndroidManifest.xml:31:13-58
meta-data#com.google.android.geo.API_KEY
ADDED from src\main\AndroidManifest.xml:33:9-35:55
	android:value
		ADDED from src\main\AndroidManifest.xml:35:13-52
	android:name
		ADDED from src\main\AndroidManifest.xml:34:13-58
meta-data#com.facebook.sdk.ApplicationId
ADDED from src\main\AndroidManifest.xml:36:9-38:55
	android:value
		ADDED from src\main\AndroidManifest.xml:38:13-52
	android:name
		ADDED from src\main\AndroidManifest.xml:37:13-58
meta-data#firebase_crashlytics_collection_enabled
ADDED from src\main\AndroidManifest.xml:39:9-41:37
	android:value
		ADDED from src\main\AndroidManifest.xml:41:13-34
	android:name
		ADDED from src\main\AndroidManifest.xml:40:13-67
receiver#app.parkidle.OnBootReceiver
ADDED from src\main\AndroidManifest.xml:43:9-47:20
	android:name
		ADDED from src\main\AndroidManifest.xml:43:19-49
intent-filter#android.intent.action.BOOT_COMPLETED
ADDED from src\main\AndroidManifest.xml:44:13-46:29
action#android.intent.action.BOOT_COMPLETED
ADDED from src\main\AndroidManifest.xml:45:17-79
	android:name
		ADDED from src\main\AndroidManifest.xml:45:25-76
receiver#app.parkidle.OnConnectivityChangeReceiver
ADDED from src\main\AndroidManifest.xml:48:9-52:20
	android:name
		ADDED from src\main\AndroidManifest.xml:48:19-63
intent-filter#android.net.conn.CONNECTIVITY_CHANGE
ADDED from src\main\AndroidManifest.xml:49:13-51:29
action#android.net.conn.CONNECTIVITY_CHANGE
ADDED from src\main\AndroidManifest.xml:50:17-79
	android:name
		ADDED from src\main\AndroidManifest.xml:50:25-76
service#app.parkidle.DetectedActivitiesIntentService
ADDED from src\main\AndroidManifest.xml:54:9-56:40
	android:exported
		ADDED from src\main\AndroidManifest.xml:56:13-37
	android:name
		ADDED from src\main\AndroidManifest.xml:55:13-60
service#io.predict.sdk.detection.services.PIOMainService
ADDED from src\main\AndroidManifest.xml:57:9-59:40
	android:exported
		ADDED from src\main\AndroidManifest.xml:59:13-37
	android:name
		ADDED from src\main\AndroidManifest.xml:58:13-76
service#io.predict.sdk.detection.services.PIOUtilService
ADDED from src\main\AndroidManifest.xml:60:9-62:40
	android:exported
		ADDED from src\main\AndroidManifest.xml:62:13-37
	android:name
		ADDED from src\main\AndroidManifest.xml:61:13-76
service#io.predict.sdk.detection.services.PIOLocationService
ADDED from src\main\AndroidManifest.xml:63:9-65:40
	android:exported
		ADDED from src\main\AndroidManifest.xml:65:13-37
	android:name
		ADDED from src\main\AndroidManifest.xml:64:13-80
service#io.predict.sdk.detection.services.PIOComService
ADDED from src\main\AndroidManifest.xml:66:9-68:40
	android:exported
		ADDED from src\main\AndroidManifest.xml:68:13-37
	android:name
		ADDED from src\main\AndroidManifest.xml:67:13-75
service#app.parkidle.MQTTSubscribe
ADDED from src\main\AndroidManifest.xml:69:9-71:40
	android:exported
		ADDED from src\main\AndroidManifest.xml:71:13-37
	android:name
		ADDED from src\main\AndroidManifest.xml:70:13-42
service#org.eclipse.paho.android.service.MqttService
ADDED from src\main\AndroidManifest.xml:72:9-80
	android:name
		ADDED from src\main\AndroidManifest.xml:72:18-77
service#app.parkidle.MyLocationService
ADDED from src\main\AndroidManifest.xml:73:9-54
	android:name
		ADDED from src\main\AndroidManifest.xml:73:18-51
receiver#io.predict.sdk.detection.receivers.PIOReceiver
ADDED from src\main\AndroidManifest.xml:75:9-90:20
	android:name
		ADDED from src\main\AndroidManifest.xml:75:19-80
intent-filter#android.intent.action.ACTION_POWER_CONNECTED+android.intent.action.ACTION_POWER_DISCONNECTED+android.intent.action.AIRPLANE_MODE+android.intent.action.BOOT_COMPLETED+android.location.PROVIDERS_CHANGED+android.net.wifi.STATE_CHANGE+com.sonymobile.SUPER_STAMINA_SETTING_CHANGED
ADDED from src\main\AndroidManifest.xml:76:13-84:29
action#android.intent.action.AIRPLANE_MODE
ADDED from src\main\AndroidManifest.xml:78:17-78
	android:name
		ADDED from src\main\AndroidManifest.xml:78:25-75
action#android.location.PROVIDERS_CHANGED
ADDED from src\main\AndroidManifest.xml:79:17-77
	android:name
		ADDED from src\main\AndroidManifest.xml:79:25-74
action#android.net.wifi.STATE_CHANGE
ADDED from src\main\AndroidManifest.xml:80:17-72
	android:name
		ADDED from src\main\AndroidManifest.xml:80:25-69
action#android.intent.action.ACTION_POWER_CONNECTED
ADDED from src\main\AndroidManifest.xml:81:17-87
	android:name
		ADDED from src\main\AndroidManifest.xml:81:25-84
action#android.intent.action.ACTION_POWER_DISCONNECTED
ADDED from src\main\AndroidManifest.xml:82:17-90
	android:name
		ADDED from src\main\AndroidManifest.xml:82:25-87
action#com.sonymobile.SUPER_STAMINA_SETTING_CHANGED
ADDED from src\main\AndroidManifest.xml:83:17-87
	android:name
		ADDED from src\main\AndroidManifest.xml:83:25-84
intent-filter#android.intent.action.PACKAGE_REPLACED
ADDED from src\main\AndroidManifest.xml:85:13-89:29
action#android.intent.action.PACKAGE_REPLACED
ADDED from src\main\AndroidManifest.xml:86:17-81
	android:name
		ADDED from src\main\AndroidManifest.xml:86:25-78
data
ADDED from src\main\AndroidManifest.xml:88:17-50
	android:scheme
		ADDED from src\main\AndroidManifest.xml:88:23-47
meta-data#com.google.firebase.messaging.default_notification_icon
ADDED from src\main\AndroidManifest.xml:95:9-97:58
	android:resource
		ADDED from src\main\AndroidManifest.xml:97:13-55
	android:name
		ADDED from src\main\AndroidManifest.xml:96:13-83
meta-data#com.google.firebase.messaging.default_notification_color
ADDED from src\main\AndroidManifest.xml:102:9-104:53
	android:resource
		ADDED from src\main\AndroidManifest.xml:104:13-50
	android:name
		ADDED from src\main\AndroidManifest.xml:103:13-84
activity#app.parkidle.MainActivity
ADDED from src\main\AndroidManifest.xml:108:9-114:20
	android:name
		ADDED from src\main\AndroidManifest.xml:108:19-47
intent-filter#android.intent.category.DEFAULT+com.google.android.gms.actions.SEARCH_ACTION
ADDED from src\main\AndroidManifest.xml:109:13-113:29
action#com.google.android.gms.actions.SEARCH_ACTION
ADDED from src\main\AndroidManifest.xml:110:17-87
	android:name
		ADDED from src\main\AndroidManifest.xml:110:25-84
category#android.intent.category.DEFAULT
ADDED from src\main\AndroidManifest.xml:112:17-76
	android:name
		ADDED from src\main\AndroidManifest.xml:112:27-73
activity#app.parkidle.NoConnectionActivity
ADDED from src\main\AndroidManifest.xml:115:9-67
	android:name
		ADDED from src\main\AndroidManifest.xml:115:19-55
activity#app.parkidle.TutorialActivity
ADDED from src\main\AndroidManifest.xml:116:9-118:50
	android:theme
		ADDED from src\main\AndroidManifest.xml:118:13-47
	android:name
		ADDED from src\main\AndroidManifest.xml:117:13-45
activity#app.parkidle.DashboardActivity
ADDED from src\main\AndroidManifest.xml:119:9-55
	android:name
		ADDED from src\main\AndroidManifest.xml:119:19-52
activity#app.parkidle.LoginActivity
ADDED from src\main\AndroidManifest.xml:120:9-128:20
	android:theme
		ADDED from src\main\AndroidManifest.xml:122:13-47
	android:name
		ADDED from src\main\AndroidManifest.xml:121:13-42
intent-filter#android.intent.action.MAIN+android.intent.category.LAUNCHER
ADDED from src\main\AndroidManifest.xml:123:13-127:29
action#android.intent.action.MAIN
ADDED from src\main\AndroidManifest.xml:124:17-69
	android:name
		ADDED from src\main\AndroidManifest.xml:124:25-66
category#android.intent.category.LAUNCHER
ADDED from src\main\AndroidManifest.xml:126:17-77
	android:name
		ADDED from src\main\AndroidManifest.xml:126:27-74
activity#app.parkidle.SettingsActivity
ADDED from src\main\AndroidManifest.xml:129:9-54
	android:name
		ADDED from src\main\AndroidManifest.xml:129:19-51
activity#app.parkidle.FeedBackActivity
ADDED from src\main\AndroidManifest.xml:130:9-54
	android:name
		ADDED from src\main\AndroidManifest.xml:130:19-51
activity#app.parkidle.FullScreenImage
ADDED from src\main\AndroidManifest.xml:131:9-53
	android:name
		ADDED from src\main\AndroidManifest.xml:131:19-50
activity#app.parkidle.GpsDialogActivity
ADDED from src\main\AndroidManifest.xml:132:9-136:58
	android:screenOrientation
		ADDED from src\main\AndroidManifest.xml:135:13-47
	android:configChanges
		ADDED from src\main\AndroidManifest.xml:134:13-48
	android:theme
		ADDED from src\main\AndroidManifest.xml:136:13-55
	android:name
		ADDED from src\main\AndroidManifest.xml:133:13-46
activity#app.parkidle.ChangedSettingsDialogActivity